{"C:\\Users\\7136t\\resume-leak-scanner\\backend\\src\\modules\\detectors.js": {"path":"C:\\Users\\7136t\\resume-leak-scanner\\backend\\src\\modules\\detectors.js","statementMap":{"0":{"start":{"line":5,"column":12},"end":{"line":5,"column":31}},"1":{"start":{"line":6,"column":2},"end":{"line":6,"column":26}},"2":{"start":{"line":6,"column":16},"end":{"line":6,"column":26}},"3":{"start":{"line":8,"column":20},"end":{"line":8,"column":69}},"4":{"start":{"line":9,"column":22},"end":{"line":9,"column":49}},"5":{"start":{"line":10,"column":17},"end":{"line":10,"column":86}},"6":{"start":{"line":12,"column":19},"end":{"line":12,"column":85}},"7":{"start":{"line":13,"column":22},"end":{"line":13,"column":44}},"8":{"start":{"line":14,"column":16},"end":{"line":14,"column":82}},"9":{"start":{"line":16,"column":2},"end":{"line":16,"column":32}},"10":{"start":{"line":21,"column":13},"end":{"line":21,"column":66}},"11":{"start":{"line":22,"column":18},"end":{"line":22,"column":38}},"12":{"start":{"line":23,"column":2},"end":{"line":28,"column":6}},"13":{"start":{"line":23,"column":27},"end":{"line":28,"column":3}},"14":{"start":{"line":33,"column":19},"end":{"line":36,"column":3}},"15":{"start":{"line":37,"column":14},"end":{"line":37,"column":23}},"16":{"start":{"line":38,"column":2},"end":{"line":41,"column":5}},"17":{"start":{"line":39,"column":14},"end":{"line":39,"column":33}},"18":{"start":{"line":40,"column":4},"end":{"line":40,"column":38}},"19":{"start":{"line":40,"column":19},"end":{"line":40,"column":36}},"20":{"start":{"line":43,"column":2},"end":{"line":48,"column":6}},"21":{"start":{"line":43,"column":35},"end":{"line":48,"column":3}},"22":{"start":{"line":54,"column":4},"end":{"line":54,"column":107}},"23":{"start":{"line":55,"column":19},"end":{"line":58,"column":3}},"24":{"start":{"line":59,"column":21},"end":{"line":59,"column":44}},"25":{"start":{"line":61,"column":18},"end":{"line":61,"column":20}},"26":{"start":{"line":62,"column":2},"end":{"line":69,"column":4}},"27":{"start":{"line":63,"column":4},"end":{"line":68,"column":6}},"28":{"start":{"line":70,"column":2},"end":{"line":77,"column":4}},"29":{"start":{"line":71,"column":4},"end":{"line":76,"column":6}},"30":{"start":{"line":78,"column":2},"end":{"line":78,"column":17}},"31":{"start":{"line":83,"column":18},"end":{"line":83,"column":20}},"32":{"start":{"line":86,"column":4},"end":{"line":86,"column":109}},"33":{"start":{"line":87,"column":23},"end":{"line":87,"column":62}},"34":{"start":{"line":89,"column":14},"end":{"line":89,"column":74}},"35":{"start":{"line":90,"column":2},"end":{"line":98,"column":5}},"36":{"start":{"line":91,"column":4},"end":{"line":97,"column":9}},"37":{"start":{"line":92,"column":6},"end":{"line":97,"column":9}},"38":{"start":{"line":100,"column":18},"end":{"line":100,"column":72}},"39":{"start":{"line":101,"column":2},"end":{"line":109,"column":5}},"40":{"start":{"line":102,"column":4},"end":{"line":108,"column":9}},"41":{"start":{"line":103,"column":6},"end":{"line":108,"column":9}},"42":{"start":{"line":111,"column":19},"end":{"line":111,"column":80}},"43":{"start":{"line":112,"column":2},"end":{"line":119,"column":4}},"44":{"start":{"line":113,"column":4},"end":{"line":118,"column":6}},"45":{"start":{"line":121,"column":2},"end":{"line":121,"column":17}},"46":{"start":{"line":124,"column":18},"end":{"line":129,"column":1}},"47":{"start":{"line":132,"column":19},"end":{"line":132,"column":21}},"48":{"start":{"line":133,"column":2},"end":{"line":136,"column":3}},"49":{"start":{"line":134,"column":18},"end":{"line":134,"column":38}},"50":{"start":{"line":135,"column":4},"end":{"line":135,"column":57}},"51":{"start":{"line":135,"column":31},"end":{"line":135,"column":57}},"52":{"start":{"line":137,"column":2},"end":{"line":137,"column":20}},"53":{"start":{"line":141,"column":22},"end":{"line":148,"column":3}},"54":{"start":{"line":150,"column":17},"end":{"line":150,"column":19}},"55":{"start":{"line":151,"column":2},"end":{"line":153,"column":5}},"56":{"start":{"line":152,"column":4},"end":{"line":152,"column":47}},"57":{"start":{"line":155,"column":14},"end":{"line":155,"column":15}},"58":{"start":{"line":156,"column":2},"end":{"line":159,"column":3}},"59":{"start":{"line":157,"column":17},"end":{"line":157,"column":39}},"60":{"start":{"line":158,"column":4},"end":{"line":158,"column":70}},"61":{"start":{"line":161,"column":25},"end":{"line":161,"column":55}},"62":{"start":{"line":162,"column":25},"end":{"line":162,"column":62}},"63":{"start":{"line":162,"column":52},"end":{"line":162,"column":61}},"64":{"start":{"line":163,"column":2},"end":{"line":165,"column":3}},"65":{"start":{"line":164,"column":4},"end":{"line":164,"column":16}},"66":{"start":{"line":167,"column":2},"end":{"line":167,"column":31}},"67":{"start":{"line":169,"column":14},"end":{"line":169,"column":19}},"68":{"start":{"line":170,"column":2},"end":{"line":171,"column":41}},"69":{"start":{"line":170,"column":19},"end":{"line":170,"column":34}},"70":{"start":{"line":171,"column":7},"end":{"line":171,"column":41}},"71":{"start":{"line":171,"column":24},"end":{"line":171,"column":41}},"72":{"start":{"line":173,"column":2},"end":{"line":173,"column":45}},"73":{"start":{"line":178,"column":2},"end":{"line":203,"column":5}},"74":{"start":{"line":179,"column":21},"end":{"line":179,"column":23}},"75":{"start":{"line":180,"column":4},"end":{"line":201,"column":5}},"76":{"start":{"line":182,"column":8},"end":{"line":182,"column":72}},"77":{"start":{"line":183,"column":8},"end":{"line":183,"column":14}},"78":{"start":{"line":185,"column":8},"end":{"line":185,"column":71}},"79":{"start":{"line":186,"column":8},"end":{"line":186,"column":14}},"80":{"start":{"line":188,"column":8},"end":{"line":188,"column":78}},"81":{"start":{"line":189,"column":8},"end":{"line":189,"column":14}},"82":{"start":{"line":191,"column":8},"end":{"line":191,"column":67}},"83":{"start":{"line":192,"column":8},"end":{"line":192,"column":14}},"84":{"start":{"line":194,"column":8},"end":{"line":194,"column":86}},"85":{"start":{"line":195,"column":8},"end":{"line":195,"column":14}},"86":{"start":{"line":197,"column":8},"end":{"line":197,"column":82}},"87":{"start":{"line":198,"column":8},"end":{"line":198,"column":14}},"88":{"start":{"line":200,"column":8},"end":{"line":200,"column":70}},"89":{"start":{"line":202,"column":4},"end":{"line":202,"column":48}},"90":{"start":{"line":206,"column":0},"end":{"line":206,"column":68}}},"fnMap":{"0":{"name":"addContext","decl":{"start":{"line":4,"column":9},"end":{"line":4,"column":19}},"loc":{"start":{"line":4,"column":53},"end":{"line":17,"column":1}},"line":4},"1":{"name":"detectEmails","decl":{"start":{"line":20,"column":9},"end":{"line":20,"column":21}},"loc":{"start":{"line":20,"column":28},"end":{"line":29,"column":1}},"line":20},"2":{"name":"(anonymous_2)","decl":{"start":{"line":23,"column":21},"end":{"line":23,"column":22}},"loc":{"start":{"line":23,"column":27},"end":{"line":28,"column":3}},"line":23},"3":{"name":"detectPhones","decl":{"start":{"line":32,"column":9},"end":{"line":32,"column":21}},"loc":{"start":{"line":32,"column":28},"end":{"line":49,"column":1}},"line":32},"4":{"name":"(anonymous_4)","decl":{"start":{"line":38,"column":19},"end":{"line":38,"column":20}},"loc":{"start":{"line":38,"column":24},"end":{"line":41,"column":3}},"line":38},"5":{"name":"(anonymous_5)","decl":{"start":{"line":40,"column":14},"end":{"line":40,"column":15}},"loc":{"start":{"line":40,"column":19},"end":{"line":40,"column":36}},"line":40},"6":{"name":"(anonymous_6)","decl":{"start":{"line":43,"column":29},"end":{"line":43,"column":30}},"loc":{"start":{"line":43,"column":35},"end":{"line":48,"column":3}},"line":43},"7":{"name":"detectAddresses","decl":{"start":{"line":52,"column":9},"end":{"line":52,"column":24}},"loc":{"start":{"line":52,"column":31},"end":{"line":79,"column":1}},"line":52},"8":{"name":"(anonymous_8)","decl":{"start":{"line":62,"column":39},"end":{"line":62,"column":40}},"loc":{"start":{"line":63,"column":4},"end":{"line":68,"column":6}},"line":63},"9":{"name":"(anonymous_9)","decl":{"start":{"line":70,"column":41},"end":{"line":70,"column":42}},"loc":{"start":{"line":71,"column":4},"end":{"line":76,"column":6}},"line":71},"10":{"name":"detectIDs","decl":{"start":{"line":82,"column":9},"end":{"line":82,"column":18}},"loc":{"start":{"line":82,"column":25},"end":{"line":122,"column":1}},"line":82},"11":{"name":"(anonymous_11)","decl":{"start":{"line":90,"column":14},"end":{"line":90,"column":15}},"loc":{"start":{"line":90,"column":19},"end":{"line":98,"column":3}},"line":90},"12":{"name":"(anonymous_12)","decl":{"start":{"line":101,"column":18},"end":{"line":101,"column":19}},"loc":{"start":{"line":101,"column":23},"end":{"line":109,"column":3}},"line":101},"13":{"name":"(anonymous_13)","decl":{"start":{"line":112,"column":19},"end":{"line":112,"column":20}},"loc":{"start":{"line":113,"column":4},"end":{"line":118,"column":6}},"line":113},"14":{"name":"runDetectors","decl":{"start":{"line":131,"column":9},"end":{"line":131,"column":21}},"loc":{"start":{"line":131,"column":28},"end":{"line":138,"column":1}},"line":131},"15":{"name":"scoreRisk","decl":{"start":{"line":140,"column":9},"end":{"line":140,"column":18}},"loc":{"start":{"line":140,"column":31},"end":{"line":174,"column":1}},"line":140},"16":{"name":"(anonymous_16)","decl":{"start":{"line":151,"column":21},"end":{"line":151,"column":22}},"loc":{"start":{"line":151,"column":26},"end":{"line":153,"column":3}},"line":151},"17":{"name":"(anonymous_17)","decl":{"start":{"line":162,"column":47},"end":{"line":162,"column":48}},"loc":{"start":{"line":162,"column":52},"end":{"line":162,"column":61}},"line":162},"18":{"name":"generateRedactionTips","decl":{"start":{"line":177,"column":9},"end":{"line":177,"column":30}},"loc":{"start":{"line":177,"column":43},"end":{"line":204,"column":1}},"line":177},"19":{"name":"(anonymous_19)","decl":{"start":{"line":178,"column":24},"end":{"line":178,"column":25}},"loc":{"start":{"line":178,"column":29},"end":{"line":203,"column":3}},"line":178}},"branchMap":{"0":{"loc":{"start":{"line":4,"column":33},"end":{"line":4,"column":51}},"type":"default-arg","locations":[{"start":{"line":4,"column":49},"end":{"line":4,"column":51}}],"line":4},"1":{"loc":{"start":{"line":6,"column":2},"end":{"line":6,"column":26}},"type":"if","locations":[{"start":{"line":6,"column":2},"end":{"line":6,"column":26}},{"start":{},"end":{}}],"line":6},"2":{"loc":{"start":{"line":10,"column":17},"end":{"line":10,"column":86}},"type":"cond-expr","locations":[{"start":{"line":10,"column":38},"end":{"line":10,"column":74}},{"start":{"line":10,"column":77},"end":{"line":10,"column":86}}],"line":10},"3":{"loc":{"start":{"line":14,"column":16},"end":{"line":14,"column":82}},"type":"cond-expr","locations":[{"start":{"line":14,"column":37},"end":{"line":14,"column":71}},{"start":{"line":14,"column":74},"end":{"line":14,"column":82}}],"line":14},"4":{"loc":{"start":{"line":22,"column":18},"end":{"line":22,"column":38}},"type":"binary-expr","locations":[{"start":{"line":22,"column":18},"end":{"line":22,"column":32}},{"start":{"line":22,"column":36},"end":{"line":22,"column":38}}],"line":22},"5":{"loc":{"start":{"line":39,"column":14},"end":{"line":39,"column":33}},"type":"binary-expr","locations":[{"start":{"line":39,"column":14},"end":{"line":39,"column":27}},{"start":{"line":39,"column":31},"end":{"line":39,"column":33}}],"line":39},"6":{"loc":{"start":{"line":62,"column":3},"end":{"line":62,"column":29}},"type":"binary-expr","locations":[{"start":{"line":62,"column":3},"end":{"line":62,"column":23}},{"start":{"line":62,"column":27},"end":{"line":62,"column":29}}],"line":62},"7":{"loc":{"start":{"line":70,"column":3},"end":{"line":70,"column":31}},"type":"binary-expr","locations":[{"start":{"line":70,"column":3},"end":{"line":70,"column":25}},{"start":{"line":70,"column":29},"end":{"line":70,"column":31}}],"line":70},"8":{"loc":{"start":{"line":87,"column":31},"end":{"line":87,"column":61}},"type":"binary-expr","locations":[{"start":{"line":87,"column":31},"end":{"line":87,"column":55}},{"start":{"line":87,"column":59},"end":{"line":87,"column":61}}],"line":87},"9":{"loc":{"start":{"line":89,"column":14},"end":{"line":89,"column":74}},"type":"binary-expr","locations":[{"start":{"line":89,"column":14},"end":{"line":89,"column":68}},{"start":{"line":89,"column":72},"end":{"line":89,"column":74}}],"line":89},"10":{"loc":{"start":{"line":91,"column":4},"end":{"line":97,"column":9}},"type":"if","locations":[{"start":{"line":91,"column":4},"end":{"line":97,"column":9}},{"start":{},"end":{}}],"line":91},"11":{"loc":{"start":{"line":100,"column":18},"end":{"line":100,"column":72}},"type":"binary-expr","locations":[{"start":{"line":100,"column":18},"end":{"line":100,"column":66}},{"start":{"line":100,"column":70},"end":{"line":100,"column":72}}],"line":100},"12":{"loc":{"start":{"line":102,"column":4},"end":{"line":108,"column":9}},"type":"if","locations":[{"start":{"line":102,"column":4},"end":{"line":108,"column":9}},{"start":{},"end":{}}],"line":102},"13":{"loc":{"start":{"line":111,"column":19},"end":{"line":111,"column":80}},"type":"binary-expr","locations":[{"start":{"line":111,"column":19},"end":{"line":111,"column":74}},{"start":{"line":111,"column":78},"end":{"line":111,"column":80}}],"line":111},"14":{"loc":{"start":{"line":135,"column":4},"end":{"line":135,"column":57}},"type":"if","locations":[{"start":{"line":135,"column":4},"end":{"line":135,"column":57}},{"start":{},"end":{}}],"line":135},"15":{"loc":{"start":{"line":135,"column":8},"end":{"line":135,"column":29}},"type":"binary-expr","locations":[{"start":{"line":135,"column":8},"end":{"line":135,"column":13}},{"start":{"line":135,"column":17},"end":{"line":135,"column":29}}],"line":135},"16":{"loc":{"start":{"line":152,"column":22},"end":{"line":152,"column":41}},"type":"binary-expr","locations":[{"start":{"line":152,"column":22},"end":{"line":152,"column":36}},{"start":{"line":152,"column":40},"end":{"line":152,"column":41}}],"line":152},"17":{"loc":{"start":{"line":157,"column":17},"end":{"line":157,"column":39}},"type":"binary-expr","locations":[{"start":{"line":157,"column":17},"end":{"line":157,"column":34}},{"start":{"line":157,"column":38},"end":{"line":157,"column":39}}],"line":157},"18":{"loc":{"start":{"line":158,"column":47},"end":{"line":158,"column":67}},"type":"cond-expr","locations":[{"start":{"line":158,"column":59},"end":{"line":158,"column":63}},{"start":{"line":158,"column":66},"end":{"line":158,"column":67}}],"line":158},"19":{"loc":{"start":{"line":163,"column":2},"end":{"line":165,"column":3}},"type":"if","locations":[{"start":{"line":163,"column":2},"end":{"line":165,"column":3}},{"start":{},"end":{}}],"line":163},"20":{"loc":{"start":{"line":170,"column":2},"end":{"line":171,"column":41}},"type":"if","locations":[{"start":{"line":170,"column":2},"end":{"line":171,"column":41}},{"start":{"line":171,"column":7},"end":{"line":171,"column":41}}],"line":170},"21":{"loc":{"start":{"line":171,"column":7},"end":{"line":171,"column":41}},"type":"if","locations":[{"start":{"line":171,"column":7},"end":{"line":171,"column":41}},{"start":{},"end":{}}],"line":171},"22":{"loc":{"start":{"line":180,"column":4},"end":{"line":201,"column":5}},"type":"switch","locations":[{"start":{"line":181,"column":6},"end":{"line":183,"column":14}},{"start":{"line":184,"column":6},"end":{"line":186,"column":14}},{"start":{"line":187,"column":6},"end":{"line":189,"column":14}},{"start":{"line":190,"column":6},"end":{"line":192,"column":14}},{"start":{"line":193,"column":6},"end":{"line":195,"column":14}},{"start":{"line":196,"column":6},"end":{"line":198,"column":14}},{"start":{"line":199,"column":6},"end":{"line":200,"column":70}}],"line":180}},"s":{"0":22,"1":22,"2":0,"3":22,"4":22,"5":22,"6":22,"7":22,"8":22,"9":22,"10":5,"11":5,"12":5,"13":5,"14":5,"15":5,"16":5,"17":10,"18":10,"19":5,"20":5,"21":5,"22":5,"23":5,"24":5,"25":5,"26":5,"27":3,"28":5,"29":0,"30":5,"31":5,"32":5,"33":5,"34":5,"35":5,"36":3,"37":3,"38":5,"39":5,"40":3,"41":3,"42":5,"43":5,"44":3,"45":5,"46":2,"47":5,"48":5,"49":20,"50":20,"51":16,"52":5,"53":3,"54":3,"55":3,"56":10,"57":3,"58":3,"59":10,"60":10,"61":3,"62":3,"63":9,"64":3,"65":1,"66":3,"67":3,"68":3,"69":1,"70":2,"71":0,"72":3,"73":3,"74":10,"75":10,"76":3,"77":3,"78":3,"79":3,"80":1,"81":1,"82":1,"83":1,"84":1,"85":1,"86":1,"87":1,"88":0,"89":10,"90":2},"f":{"0":22,"1":5,"2":5,"3":5,"4":10,"5":5,"6":5,"7":5,"8":3,"9":0,"10":5,"11":3,"12":3,"13":3,"14":5,"15":3,"16":10,"17":9,"18":3,"19":10},"b":{"0":[22],"1":[0,22],"2":[18,4],"3":[18,4],"4":[5,0],"5":[10,5],"6":[5,2],"7":[5,5],"8":[5,0],"9":[5,2],"10":[3,0],"11":[5,2],"12":[3,0],"13":[5,2],"14":[16,4],"15":[20,20],"16":[10,10],"17":[10,0],"18":[0,10],"19":[1,2],"20":[1,2],"21":[0,2],"22":[3,3,1,1,1,1,0]},"_coverageSchema":"1a1c01bbd47fc00a2c39e90264f33305004495a9","hash":"2716549c271d9a578c5a82b5af1fe15d71c25b50"}
,"C:\\Users\\7136t\\resume-leak-scanner\\backend\\src\\modules\\normalize.js": {"path":"C:\\Users\\7136t\\resume-leak-scanner\\backend\\src\\modules\\normalize.js","statementMap":{"0":{"start":{"line":2,"column":2},"end":{"line":2,"column":20}},"1":{"start":{"line":2,"column":10},"end":{"line":2,"column":20}},"2":{"start":{"line":3,"column":10},"end":{"line":3,"column":66}},"3":{"start":{"line":4,"column":2},"end":{"line":4,"column":32}},"4":{"start":{"line":5,"column":2},"end":{"line":5,"column":32}},"5":{"start":{"line":6,"column":2},"end":{"line":6,"column":35}},"6":{"start":{"line":7,"column":2},"end":{"line":7,"column":18}},"7":{"start":{"line":9,"column":0},"end":{"line":9,"column":35}}},"fnMap":{"0":{"name":"normalizeText","decl":{"start":{"line":1,"column":9},"end":{"line":1,"column":22}},"loc":{"start":{"line":1,"column":26},"end":{"line":8,"column":1}},"line":1}},"branchMap":{"0":{"loc":{"start":{"line":2,"column":2},"end":{"line":2,"column":20}},"type":"if","locations":[{"start":{"line":2,"column":2},"end":{"line":2,"column":20}},{"start":{},"end":{}}],"line":2}},"s":{"0":5,"1":2,"2":3,"3":3,"4":3,"5":3,"6":3,"7":2},"f":{"0":5},"b":{"0":[2,3]},"_coverageSchema":"1a1c01bbd47fc00a2c39e90264f33305004495a9","hash":"a5c428ad61714f734b231231fd25879c21313b96"}
,"C:\\Users\\7136t\\resume-leak-scanner\\backend\\src\\modules\\processor.js": {"path":"C:\\Users\\7136t\\resume-leak-scanner\\backend\\src\\modules\\processor.js","statementMap":{"0":{"start":{"line":2,"column":12},"end":{"line":2,"column":32}},"1":{"start":{"line":3,"column":16},"end":{"line":3,"column":34}},"2":{"start":{"line":4,"column":26},"end":{"line":4,"column":48}},"3":{"start":{"line":9,"column":4},"end":{"line":9,"column":26}},"4":{"start":{"line":11,"column":15},"end":{"line":11,"column":32}},"5":{"start":{"line":12,"column":2},"end":{"line":12,"column":19}},"6":{"start":{"line":15,"column":17},"end":{"line":15,"column":57}},"7":{"start":{"line":16,"column":2},"end":{"line":16,"column":22}},"8":{"start":{"line":19,"column":16},"end":{"line":19,"column":18}},"9":{"start":{"line":20,"column":2},"end":{"line":29,"column":3}},"10":{"start":{"line":21,"column":4},"end":{"line":21,"column":48}},"11":{"start":{"line":22,"column":9},"end":{"line":29,"column":3}},"12":{"start":{"line":26,"column":4},"end":{"line":26,"column":49}},"13":{"start":{"line":28,"column":4},"end":{"line":28,"column":45}},"14":{"start":{"line":30,"column":21},"end":{"line":30,"column":49}},"15":{"start":{"line":31,"column":21},"end":{"line":31,"column":45}},"16":{"start":{"line":32,"column":15},"end":{"line":32,"column":36}},"17":{"start":{"line":34,"column":29},"end":{"line":34,"column":62}},"18":{"start":{"line":35,"column":2},"end":{"line":39,"column":4}},"19":{"start":{"line":41,"column":0},"end":{"line":41,"column":38}}},"fnMap":{"0":{"name":"extractFromPDF","decl":{"start":{"line":10,"column":15},"end":{"line":10,"column":29}},"loc":{"start":{"line":10,"column":38},"end":{"line":13,"column":1}},"line":10},"1":{"name":"extractFromDOCX","decl":{"start":{"line":14,"column":15},"end":{"line":14,"column":30}},"loc":{"start":{"line":14,"column":39},"end":{"line":17,"column":1}},"line":14},"2":{"name":"handleFileBuffer","decl":{"start":{"line":18,"column":15},"end":{"line":18,"column":31}},"loc":{"start":{"line":18,"column":38},"end":{"line":40,"column":1}},"line":18}},"branchMap":{"0":{"loc":{"start":{"line":20,"column":2},"end":{"line":29,"column":3}},"type":"if","locations":[{"start":{"line":20,"column":2},"end":{"line":29,"column":3}},{"start":{"line":22,"column":9},"end":{"line":29,"column":3}}],"line":20},"1":{"loc":{"start":{"line":22,"column":9},"end":{"line":29,"column":3}},"type":"if","locations":[{"start":{"line":22,"column":9},"end":{"line":29,"column":3}},{"start":{"line":27,"column":9},"end":{"line":29,"column":3}}],"line":22},"2":{"loc":{"start":{"line":30,"column":35},"end":{"line":30,"column":48}},"type":"binary-expr","locations":[{"start":{"line":30,"column":35},"end":{"line":30,"column":42}},{"start":{"line":30,"column":46},"end":{"line":30,"column":48}}],"line":30}},"s":{"0":1,"1":1,"2":1,"3":1,"4":1,"5":1,"6":1,"7":1,"8":3,"9":3,"10":1,"11":2,"12":1,"13":1,"14":2,"15":2,"16":2,"17":2,"18":2,"19":1},"f":{"0":1,"1":1,"2":3},"b":{"0":[1,2],"1":[1,1],"2":[2,0]},"_coverageSchema":"1a1c01bbd47fc00a2c39e90264f33305004495a9","hash":"588e2f907a64e09f8ce3543f8d8336ea2b069fe4"}
,"C:\\Users\\7136t\\resume-leak-scanner\\backend\\src\\utils\\idDetector.js": {"path":"C:\\Users\\7136t\\resume-leak-scanner\\backend\\src\\utils\\idDetector.js","statementMap":{"0":{"start":{"line":1,"column":11},"end":{"line":1,"column":24}},"1":{"start":{"line":2,"column":13},"end":{"line":2,"column":28}},"2":{"start":{"line":3,"column":18},"end":{"line":5,"column":1}},"3":{"start":{"line":8,"column":18},"end":{"line":8,"column":20}},"4":{"start":{"line":9,"column":2},"end":{"line":9,"column":42}},"5":{"start":{"line":9,"column":27},"end":{"line":9,"column":42}},"6":{"start":{"line":11,"column":2},"end":{"line":18,"column":3}},"7":{"start":{"line":12,"column":17},"end":{"line":12,"column":40}},"8":{"start":{"line":13,"column":15},"end":{"line":13,"column":44}},"9":{"start":{"line":14,"column":20},"end":{"line":14,"column":40}},"10":{"start":{"line":15,"column":4},"end":{"line":17,"column":6}},"11":{"start":{"line":16,"column":6},"end":{"line":16,"column":61}},"12":{"start":{"line":19,"column":2},"end":{"line":19,"column":17}},"13":{"start":{"line":22,"column":0},"end":{"line":22,"column":31}}},"fnMap":{"0":{"name":"detectIDs","decl":{"start":{"line":7,"column":9},"end":{"line":7,"column":18}},"loc":{"start":{"line":7,"column":34},"end":{"line":20,"column":1}},"line":7},"1":{"name":"(anonymous_1)","decl":{"start":{"line":15,"column":20},"end":{"line":15,"column":21}},"loc":{"start":{"line":16,"column":6},"end":{"line":16,"column":61}},"line":16}},"branchMap":{"0":{"loc":{"start":{"line":9,"column":2},"end":{"line":9,"column":42}},"type":"if","locations":[{"start":{"line":9,"column":2},"end":{"line":9,"column":42}},{"start":{},"end":{}}],"line":9},"1":{"loc":{"start":{"line":14,"column":20},"end":{"line":14,"column":40}},"type":"binary-expr","locations":[{"start":{"line":14,"column":20},"end":{"line":14,"column":34}},{"start":{"line":14,"column":38},"end":{"line":14,"column":40}}],"line":14}},"s":{"0":1,"1":1,"2":1,"3":3,"4":3,"5":0,"6":3,"7":5,"8":5,"9":5,"10":5,"11":6,"12":3,"13":1},"f":{"0":3,"1":6},"b":{"0":[0,3],"1":[5,0]},"_coverageSchema":"1a1c01bbd47fc00a2c39e90264f33305004495a9","hash":"b9f3a9f55d53d347a583807727ba487831f97f2c"}
,"C:\\Users\\7136t\\resume-leak-scanner\\backend\\src\\utils\\patterns.js": {"path":"C:\\Users\\7136t\\resume-leak-scanner\\backend\\src\\utils\\patterns.js","statementMap":{"0":{"start":{"line":2,"column":16},"end":{"line":2,"column":69}},"1":{"start":{"line":5,"column":22},"end":{"line":8,"column":1}},"2":{"start":{"line":11,"column":20},"end":{"line":11,"column":110}},"3":{"start":{"line":12,"column":17},"end":{"line":15,"column":1}},"4":{"start":{"line":18,"column":14},"end":{"line":18,"column":37}},"5":{"start":{"line":20,"column":0},"end":{"line":25,"column":2}}},"fnMap":{},"branchMap":{},"s":{"0":1,"1":1,"2":1,"3":1,"4":1,"5":1},"f":{},"b":{},"_coverageSchema":"1a1c01bbd47fc00a2c39e90264f33305004495a9","hash":"f74ee704ff6b227cb6f4ca335466688b12c27248"}
}
