TN:
SF:src\modules\detectors.js
FN:4,addContext
FN:20,detectEmails
FN:23,(anonymous_2)
FN:32,detectPhones
FN:38,(anonymous_4)
FN:40,(anonymous_5)
FN:43,(anonymous_6)
FN:52,detectAddresses
FN:62,(anonymous_8)
FN:70,(anonymous_9)
FN:82,detectIDs
FN:90,(anonymous_11)
FN:101,(anonymous_12)
FN:112,(anonymous_13)
FN:131,runDetectors
FN:140,scoreRisk
FN:151,(anonymous_16)
FN:162,(anonymous_17)
FN:177,generateRedactionTips
FN:178,(anonymous_19)
FNF:20
FNH:19
FNDA:22,addContext
FNDA:5,detectEmails
FNDA:5,(anonymous_2)
FNDA:5,detectPhones
FNDA:10,(anonymous_4)
FNDA:5,(anonymous_5)
FNDA:5,(anonymous_6)
FNDA:5,detectAddresses
FNDA:3,(anonymous_8)
FNDA:0,(anonymous_9)
FNDA:5,detectIDs
FNDA:3,(anonymous_11)
FNDA:3,(anonymous_12)
FNDA:3,(anonymous_13)
FNDA:5,runDetectors
FNDA:3,scoreRisk
FNDA:10,(anonymous_16)
FNDA:9,(anonymous_17)
FNDA:3,generateRedactionTips
FNDA:10,(anonymous_19)
DA:5,22
DA:6,22
DA:8,22
DA:9,22
DA:10,22
DA:12,22
DA:13,22
DA:14,22
DA:16,22
DA:21,5
DA:22,5
DA:23,5
DA:33,5
DA:37,5
DA:38,5
DA:39,10
DA:40,10
DA:43,5
DA:54,5
DA:55,5
DA:59,5
DA:61,5
DA:62,5
DA:63,3
DA:70,5
DA:71,0
DA:78,5
DA:83,5
DA:86,5
DA:87,5
DA:89,5
DA:90,5
DA:91,3
DA:92,3
DA:100,5
DA:101,5
DA:102,3
DA:103,3
DA:111,5
DA:112,5
DA:113,3
DA:121,5
DA:124,2
DA:132,5
DA:133,5
DA:134,20
DA:135,20
DA:137,5
DA:141,3
DA:150,3
DA:151,3
DA:152,10
DA:155,3
DA:156,3
DA:157,10
DA:158,10
DA:161,3
DA:162,9
DA:163,3
DA:164,1
DA:167,3
DA:169,3
DA:170,3
DA:171,2
DA:173,3
DA:178,3
DA:179,10
DA:180,10
DA:182,3
DA:183,3
DA:185,3
DA:186,3
DA:188,1
DA:189,1
DA:191,1
DA:192,1
DA:194,1
DA:195,1
DA:197,1
DA:198,1
DA:200,0
DA:202,10
DA:206,2
LF:83
LH:81
BRDA:4,0,0,22
BRDA:6,1,0,0
BRDA:6,1,1,22
BRDA:10,2,0,18
BRDA:10,2,1,4
BRDA:14,3,0,18
BRDA:14,3,1,4
BRDA:22,4,0,5
BRDA:22,4,1,0
BRDA:39,5,0,10
BRDA:39,5,1,5
BRDA:62,6,0,5
BRDA:62,6,1,2
BRDA:70,7,0,5
BRDA:70,7,1,5
BRDA:87,8,0,5
BRDA:87,8,1,0
BRDA:89,9,0,5
BRDA:89,9,1,2
BRDA:91,10,0,3
BRDA:91,10,1,0
BRDA:100,11,0,5
BRDA:100,11,1,2
BRDA:102,12,0,3
BRDA:102,12,1,0
BRDA:111,13,0,5
BRDA:111,13,1,2
BRDA:135,14,0,16
BRDA:135,14,1,4
BRDA:135,15,0,20
BRDA:135,15,1,20
BRDA:152,16,0,10
BRDA:152,16,1,10
BRDA:157,17,0,10
BRDA:157,17,1,0
BRDA:158,18,0,0
BRDA:158,18,1,10
BRDA:163,19,0,1
BRDA:163,19,1,2
BRDA:170,20,0,1
BRDA:170,20,1,2
BRDA:171,21,0,0
BRDA:171,21,1,2
BRDA:180,22,0,3
BRDA:180,22,1,3
BRDA:180,22,2,1
BRDA:180,22,3,1
BRDA:180,22,4,1
BRDA:180,22,5,1
BRDA:180,22,6,0
BRF:50
BRH:41
end_of_record
TN:
SF:src\modules\normalize.js
FN:1,normalizeText
FNF:1
FNH:1
FNDA:5,normalizeText
DA:2,5
DA:3,3
DA:4,3
DA:5,3
DA:6,3
DA:7,3
DA:9,2
LF:7
LH:7
BRDA:2,0,0,2
BRDA:2,0,1,3
BRF:2
BRH:2
end_of_record
TN:
SF:src\modules\processor.js
FN:10,extractFromPDF
FN:14,extractFromDOCX
FN:18,handleFileBuffer
FNF:3
FNH:3
FNDA:1,extractFromPDF
FNDA:1,extractFromDOCX
FNDA:3,handleFileBuffer
DA:2,1
DA:3,1
DA:4,1
DA:9,1
DA:11,1
DA:12,1
DA:15,1
DA:16,1
DA:19,3
DA:20,3
DA:21,1
DA:22,2
DA:26,1
DA:28,1
DA:30,2
DA:31,2
DA:32,2
DA:34,2
DA:35,2
DA:41,1
LF:20
LH:20
BRDA:20,0,0,1
BRDA:20,0,1,2
BRDA:22,1,0,1
BRDA:22,1,1,1
BRDA:30,2,0,2
BRDA:30,2,1,0
BRF:6
BRH:5
end_of_record
TN:
SF:src\utils\idDetector.js
FN:7,detectIDs
FN:15,(anonymous_1)
FNF:2
FNH:2
FNDA:3,detectIDs
FNDA:6,(anonymous_1)
DA:1,1
DA:2,1
DA:3,1
DA:8,3
DA:9,3
DA:11,3
DA:12,5
DA:13,5
DA:14,5
DA:15,5
DA:16,6
DA:19,3
DA:22,1
LF:13
LH:13
BRDA:9,0,0,0
BRDA:9,0,1,3
BRDA:14,1,0,5
BRDA:14,1,1,0
BRF:4
BRH:2
end_of_record
TN:
SF:src\utils\patterns.js
FNF:0
FNH:0
DA:2,1
DA:5,1
DA:11,1
DA:12,1
DA:18,1
DA:20,1
LF:6
LH:6
BRF:0
BRH:0
end_of_record
